Arguments: 
  C:\Program Files\nodejs\node.exe C:\Program Files (x86)\Yarn\bin\yarn.js test-watch

PATH: 
  C:\Users\zeeshan\bin;C:\Program Files\Git\mingw64\bin;C:\Program Files\Git\usr\local\bin;C:\Program Files\Git\usr\bin;C:\Program Files\Git\usr\bin;C:\Program Files\Git\cmd;C:\Program Files (x86)\NVIDIA Corporation\PhysX\Common;C:\Program Files (x86)\Intel\iCLS Client;C:\Program Files\Intel\iCLS Client;C:\Windows\system32;C:\Windows;C:\Windows\System32\Wbem;C:\Windows\System32\WindowsPowerShell\v1.0;C:\Program Files\Hewlett-Packard\SimplePass;C:\Program Files\Intel\Intel(R) Management Engine Components\DAL;C:\Program Files (x86)\Intel\Intel(R) Management Engine Components\DAL;C:\Program Files\Intel\Intel(R) Management Engine Components\IPT;C:\Program Files (x86)\Intel\Intel(R) Management Engine Components\IPT;C:\Program Files (x86)\Yarn\bin;C:\Users\zeeshan\AppData\Roaming\nvm;C:\Program Files\nodejs;C:\Program Files\Git\cmd;C:\Users\zeeshan\AppData\Local\Programs\Microsoft VS Code\bin;C:\Users\zeeshan\AppData\Local\hyper\app-2.0.0\resources\bin;C:\Users\zeeshan\AppData\Roaming\npm;C:\Users\zeeshan\AppData\Local\Yarn\bin;C:\Users\zeeshan\AppData\Roaming\nvm;C:\Program Files\nodejs;C:\Users\zeeshan\AppData\Local\GitHubDesktop\bin;C:\Program Files\heroku\bin;C:\Program Files\Git\usr\bin\vendor_perl;C:\Program Files\Git\usr\bin\core_perl

Yarn version: 
  1.9.4

Node version: 
  8.11.4

Platform: 
  win32 x64

Trace: 
  SyntaxError: C:\Users\zeeshan\Development\Learning\complete-nodejs-course\node-todo-api\package.json: Unexpected token } in JSON at position 423
      at JSON.parse (<anonymous>)
      at C:\Program Files (x86)\Yarn\lib\cli.js:1130:59
      at Generator.next (<anonymous>)
      at step (C:\Program Files (x86)\Yarn\lib\cli.js:92:30)
      at C:\Program Files (x86)\Yarn\lib\cli.js:103:13
      at <anonymous>

npm manifest: 
  {
    "name": "node-todo-api",
    "version": "1.0.0",
    "description": "",
    "main": "index.js",
    "scripts": {
      "test": "mocha server/**/*.test.js",
      "test-watch": "nodemon --exec npm test",
      "start": "nodemon server/server.js"
    },
    "keywords": [],
    "author": "",
    "license": "ISC",
    "dependencies": {
      "body-parser": "^1.15.2",
      "express": "^4.16.4",
      "mongodb": "^2.2.5",
      "mongoose": "^4.5.9",
    },
    "devDependencies": {
      "expect": "^1.20.2",
      "mocha": "^3.0.2",
      "nodemon": "^1.18.5",
      "supertest": "^2.0.0"
    }
  }

yarn manifest: 
  No manifest

Lockfile: 
  No lockfile
